<?xml version="1.0" encoding="UTF-8"?>
<!-- Generated by org.testng.reporters.JUnitXMLReporter -->
<testsuite ignored="0" hostname="DESKTOP-TGC0EHA" failures="0" tests="3" name="Default test" time="21.121" errors="0" timestamp="30 Oct 2022 10:36:09 GMT">
  <testcase classname="AmazonTests.AmazonTestBM" name="appPageUrlTest" time="0.184"/>
  <testcase classname="AmazonTests.AmazonTestBM" name="pageTitleTest" time="0.125"/>
  <testcase classname="AmazonTests.AmazonTestBM" name="seachBoxTest" time="0.189"/>
</testsuite> <!-- Default test -->
