<?xml version="1.0" encoding="UTF-8"?>
<!-- Generated by org.testng.reporters.JUnitXMLReporter -->
<testsuite ignored="0" hostname="DESKTOP-TGC0EHA" failures="0" tests="3" name="Default test" time="25.189" errors="0" timestamp="30 Oct 2022 06:49:49 GMT">
  <testcase classname="AmazonTests.AmazonTestBM" name="appPageUrlTest" time="0.167"/>
  <testcase classname="AmazonTests.AmazonTestBM" name="pageTitleTest" time="0.153"/>
  <testcase classname="AmazonTests.AmazonTestBM" name="seachBoxTest" time="0.272"/>
</testsuite> <!-- Default test -->
