<?xml version="1.0" encoding="UTF-8"?>
<!-- Generated by org.testng.reporters.JUnitXMLReporter -->
<testsuite ignored="0" hostname="DESKTOP-TGC0EHA" failures="0" tests="3" name="Test" time="24.963" errors="0" timestamp="30 Oct 2022 10:40:12 GMT">
  <testcase classname="AmazonTests.AmazonTestBM" name="appPageUrlTest" time="0.199"/>
  <testcase classname="AmazonTests.AmazonTestBM" name="pageTitleTest" time="0.108"/>
  <testcase classname="AmazonTests.AmazonTestBM" name="seachBoxTest" time="0.331"/>
</testsuite> <!-- Test -->
