<?xml version="1.0" encoding="UTF-8"?>
<testng-results ignored="0" total="3" passed="3" failed="0" skipped="0">
  <reporter-output>
  </reporter-output>
  <suite started-at="2022-10-30T06:49:23Z" name="Default suite" finished-at="2022-10-30T06:49:49Z" duration-ms="25189">
    <groups>
    </groups>
    <test started-at="2022-10-30T06:49:23Z" name="Default test" finished-at="2022-10-30T06:49:49Z" duration-ms="25189">
      <class name="AmazonTests.AmazonTestBM">
        <test-method is-config="true" signature="setUp()[pri:0, instance:AmazonTests.AmazonTestBM@4397ad89]" started-at="2022-10-30T06:49:23Z" name="setUp" finished-at="2022-10-30T06:49:36Z" duration-ms="12443" status="PASS">
          <reporter-output>
          </reporter-output>
        </test-method> <!-- setUp -->
        <test-method signature="appPageUrlTest()[pri:0, instance:AmazonTests.AmazonTestBM@4397ad89]" started-at="2022-10-30T06:49:36Z" name="appPageUrlTest" finished-at="2022-10-30T06:49:36Z" duration-ms="167" status="PASS">
          <reporter-output>
          </reporter-output>
        </test-method> <!-- appPageUrlTest -->
        <test-method is-config="true" signature="tearDown()[pri:0, instance:AmazonTests.AmazonTestBM@4397ad89]" started-at="2022-10-30T06:49:36Z" name="tearDown" finished-at="2022-10-30T06:49:36Z" duration-ms="268" status="PASS">
          <reporter-output>
          </reporter-output>
        </test-method> <!-- tearDown -->
        <test-method is-config="true" signature="setUp()[pri:0, instance:AmazonTests.AmazonTestBM@4397ad89]" started-at="2022-10-30T06:49:36Z" name="setUp" finished-at="2022-10-30T06:49:43Z" duration-ms="6358" status="PASS">
          <reporter-output>
          </reporter-output>
        </test-method> <!-- setUp -->
        <test-method signature="pageTitleTest()[pri:0, instance:AmazonTests.AmazonTestBM@4397ad89]" started-at="2022-10-30T06:49:43Z" name="pageTitleTest" finished-at="2022-10-30T06:49:43Z" duration-ms="153" status="PASS">
          <reporter-output>
          </reporter-output>
        </test-method> <!-- pageTitleTest -->
        <test-method is-config="true" signature="tearDown()[pri:0, instance:AmazonTests.AmazonTestBM@4397ad89]" started-at="2022-10-30T06:49:43Z" name="tearDown" finished-at="2022-10-30T06:49:43Z" duration-ms="271" status="PASS">
          <reporter-output>
          </reporter-output>
        </test-method> <!-- tearDown -->
        <test-method is-config="true" signature="setUp()[pri:0, instance:AmazonTests.AmazonTestBM@4397ad89]" started-at="2022-10-30T06:49:43Z" name="setUp" finished-at="2022-10-30T06:49:48Z" duration-ms="4966" status="PASS">
          <reporter-output>
          </reporter-output>
        </test-method> <!-- setUp -->
        <test-method signature="seachBoxTest()[pri:0, instance:AmazonTests.AmazonTestBM@4397ad89]" started-at="2022-10-30T06:49:48Z" name="seachBoxTest" finished-at="2022-10-30T06:49:48Z" duration-ms="272" status="PASS">
          <reporter-output>
          </reporter-output>
        </test-method> <!-- seachBoxTest -->
        <test-method is-config="true" signature="tearDown()[pri:0, instance:AmazonTests.AmazonTestBM@4397ad89]" started-at="2022-10-30T06:49:48Z" name="tearDown" finished-at="2022-10-30T06:49:49Z" duration-ms="255" status="PASS">
          <reporter-output>
          </reporter-output>
        </test-method> <!-- tearDown -->
      </class> <!-- AmazonTests.AmazonTestBM -->
    </test> <!-- Default test -->
  </suite> <!-- Default suite -->
</testng-results>
