<?xml version="1.0" encoding="UTF-8"?>
<testng-results ignored="0" total="3" passed="3" failed="0" skipped="0">
  <reporter-output>
  </reporter-output>
  <suite started-at="2022-10-30T10:39:47Z" name="Suite" finished-at="2022-10-30T10:40:12Z" duration-ms="24963">
    <groups>
    </groups>
    <test started-at="2022-10-30T10:39:47Z" name="Test" finished-at="2022-10-30T10:40:12Z" duration-ms="24963">
      <class name="AmazonTests.AmazonTestBM">
        <test-method is-config="true" signature="setUp()[pri:0, instance:AmazonTests.AmazonTestBM@1fc32e4f]" started-at="2022-10-30T10:39:47Z" name="setUp" finished-at="2022-10-30T10:39:55Z" duration-ms="7784" status="PASS">
          <reporter-output>
          </reporter-output>
        </test-method> <!-- setUp -->
        <test-method signature="appPageUrlTest()[pri:0, instance:AmazonTests.AmazonTestBM@1fc32e4f]" started-at="2022-10-30T10:39:55Z" name="appPageUrlTest" finished-at="2022-10-30T10:39:55Z" duration-ms="199" status="PASS">
          <reporter-output>
          </reporter-output>
        </test-method> <!-- appPageUrlTest -->
        <test-method is-config="true" signature="tearDown()[pri:0, instance:AmazonTests.AmazonTestBM@1fc32e4f]" started-at="2022-10-30T10:39:55Z" name="tearDown" finished-at="2022-10-30T10:39:56Z" duration-ms="296" status="PASS">
          <reporter-output>
          </reporter-output>
        </test-method> <!-- tearDown -->
        <test-method is-config="true" signature="setUp()[pri:0, instance:AmazonTests.AmazonTestBM@1fc32e4f]" started-at="2022-10-30T10:39:56Z" name="setUp" finished-at="2022-10-30T10:40:03Z" duration-ms="7630" status="PASS">
          <reporter-output>
          </reporter-output>
        </test-method> <!-- setUp -->
        <test-method signature="pageTitleTest()[pri:0, instance:AmazonTests.AmazonTestBM@1fc32e4f]" started-at="2022-10-30T10:40:03Z" name="pageTitleTest" finished-at="2022-10-30T10:40:03Z" duration-ms="108" status="PASS">
          <reporter-output>
          </reporter-output>
        </test-method> <!-- pageTitleTest -->
        <test-method is-config="true" signature="tearDown()[pri:0, instance:AmazonTests.AmazonTestBM@1fc32e4f]" started-at="2022-10-30T10:40:03Z" name="tearDown" finished-at="2022-10-30T10:40:04Z" duration-ms="393" status="PASS">
          <reporter-output>
          </reporter-output>
        </test-method> <!-- tearDown -->
        <test-method is-config="true" signature="setUp()[pri:0, instance:AmazonTests.AmazonTestBM@1fc32e4f]" started-at="2022-10-30T10:40:04Z" name="setUp" finished-at="2022-10-30T10:40:12Z" duration-ms="7976" status="PASS">
          <reporter-output>
          </reporter-output>
        </test-method> <!-- setUp -->
        <test-method signature="seachBoxTest()[pri:0, instance:AmazonTests.AmazonTestBM@1fc32e4f]" started-at="2022-10-30T10:40:12Z" name="seachBoxTest" finished-at="2022-10-30T10:40:12Z" duration-ms="331" status="PASS">
          <reporter-output>
          </reporter-output>
        </test-method> <!-- seachBoxTest -->
        <test-method is-config="true" signature="tearDown()[pri:0, instance:AmazonTests.AmazonTestBM@1fc32e4f]" started-at="2022-10-30T10:40:12Z" name="tearDown" finished-at="2022-10-30T10:40:12Z" duration-ms="205" status="PASS">
          <reporter-output>
          </reporter-output>
        </test-method> <!-- tearDown -->
      </class> <!-- AmazonTests.AmazonTestBM -->
    </test> <!-- Test -->
  </suite> <!-- Suite -->
</testng-results>
